
> @americano/web@0.1.0 build /Users/kyin/Projects/Americano-epic5/apps/web
> next build

 ⚠ Warning: Next.js inferred your workspace root, but it may not be correct.
 We detected multiple lockfiles and selected the directory of /Users/kyin/pnpm-lock.yaml as the root directory.
 To silence this warning, set `outputFileTracingRoot` in your Next.js config, or consider removing one of the lockfiles if it's not needed.
   See https://nextjs.org/docs/app/api-reference/config/next-config-js/output#caveats for more information.
 Detected additional lockfiles: 
   * /Users/kyin/Projects/Americano-epic5/apps/web/pnpm-lock.yaml
   * /Users/kyin/Projects/Americano-epic5/package-lock.json

   ▲ Next.js 15.5.5
   - Environments: .env
   - Experiments (use with caution):
     · serverActions
     · optimizePackageImports

   Creating an optimized production build ...
   Disabled SWC as replacement for Babel because of custom Babel configuration "babel.config.js" https://nextjs.org/docs/messages/swc-disabled
   `compiler` options in `next.config.js` will be ignored while using Babel https://nextjs.org/docs/messages/ignored-compiler-options
> [PWA] Compile server
> [PWA] Compile server
> [PWA] Compile client (static)
> [PWA] Auto register service worker with: /Users/kyin/Projects/Americano-epic5/apps/web/node_modules/.pnpm/next-pwa@5.6.0_@babel+core@7.28.4_@types+babel__core@7.20.5_next@15.5.5_@babel+core@7.28.4_re_l4kht4udvwptksizdr3cig7gvm/node_modules/next-pwa/register.js
> [PWA] Service worker: /Users/kyin/Projects/Americano-epic5/apps/web/public/sw.js
> [PWA]   url: /sw.js
> [PWA]   scope: /
   Using external babel configuration from /Users/kyin/Projects/Americano-epic5/apps/web/babel.config.js
 ⚠ Compiled with warnings in 15.9s

/_next/static/chunks/commons-c1186cfd7d644f2c.js is 2.72 MB, and won't be precached. Configure maximumFileSizeToCacheInBytes to change this limit.

   Linting and checking validity of types ...
   Collecting page data ...
[Error: Failed to collect configuration for /analytics/struggle-predictions] {
  [cause]: TypeError: c(...)._ is not a function
      at 42581 (.next/server/app/analytics/struggle-predictions/page.js:6:2021)
      at c (.next/server/webpack-runtime.js:1:128)
      at 915186 (.next/server/app/analytics/struggle-predictions/page.js:7:29148)
      at c (.next/server/webpack-runtime.js:1:128)
      at 521467 (.next/server/app/analytics/struggle-predictions/page.js:7:21877)
      at Function.c (.next/server/webpack-runtime.js:1:128)
}

> Build error occurred
[Error: Failed to collect page data for /analytics/struggle-predictions] {
  type: 'Error'
}
 ELIFECYCLE  Command failed with exit code 1.
